ERROR - 2023-02-13 06:16:33 --> [Microsoft][ODBC Driver 17 for SQL Server][SQL Server]Cannot insert the value NULL into column 'InventoryAPKId', table 'KE_DB_IMS_UAT.dbo.InventoryAPP'; column does not allow nulls. INSERT fails.
CRITICAL - 2023-02-13 06:16:33 --> [Microsoft][ODBC Driver 17 for SQL Server][SQL Server]Cannot insert the value NULL into column 'InventoryAPKId', table 'KE_DB_IMS_UAT.dbo.InventoryAPP'; column does not allow nulls. INSERT fails.
in SYSTEMPATH\Database\BaseConnection.php on line 645.
 1 SYSTEMPATH\Database\BaseBuilder.php(2295): CodeIgniter\Database\BaseConnection->query('INSERT INTO "KE_DB_IMS_UAT"."dbo"."InventoryAPP" ("InventoryAPKId","requestOrderNumber","requestOrderId","latitude","longitude","status") VALUES (:InventoryAPKId:, :requestOrderNumber:, :requestOrderId:, :latitude:, :longitude:, :status:)', [...], false)
 2 SYSTEMPATH\Model.php(329): CodeIgniter\Database\BaseBuilder->insert()
 3 SYSTEMPATH\BaseModel.php(782): CodeIgniter\Model->doInsert([...])
 4 SYSTEMPATH\Model.php(729): CodeIgniter\BaseModel->insert([...], true)
 5 APPPATH\Controllers\Main.php(90): CodeIgniter\Model->insert([...])
 6 SYSTEMPATH\CodeIgniter.php(934): App\Controllers\Main->create()
 7 SYSTEMPATH\CodeIgniter.php(499): CodeIgniter\CodeIgniter->runController(Object(App\Controllers\Main))
 8 SYSTEMPATH\CodeIgniter.php(368): CodeIgniter\CodeIgniter->handleRequest(null, Object(Config\Cache), false)
 9 FCPATH\index.php(67): CodeIgniter\CodeIgniter->run()
ERROR - 2023-02-13 06:17:23 --> [Microsoft][ODBC Driver 17 for SQL Server][SQL Server]Cannot insert the value NULL into column 'InventoryAPKId', table 'KE_DB_IMS_UAT.dbo.InventoryAPP'; column does not allow nulls. INSERT fails.
CRITICAL - 2023-02-13 06:17:23 --> [Microsoft][ODBC Driver 17 for SQL Server][SQL Server]Cannot insert the value NULL into column 'InventoryAPKId', table 'KE_DB_IMS_UAT.dbo.InventoryAPP'; column does not allow nulls. INSERT fails.
in SYSTEMPATH\Database\BaseConnection.php on line 645.
 1 SYSTEMPATH\Database\BaseBuilder.php(2295): CodeIgniter\Database\BaseConnection->query('INSERT INTO "KE_DB_IMS_UAT"."dbo"."InventoryAPP" ("InventoryAPKId","requestOrderNumber","requestOrderId","latitude","longitude","status") VALUES (:InventoryAPKId:, :requestOrderNumber:, :requestOrderId:, :latitude:, :longitude:, :status:)', [...], false)
 2 SYSTEMPATH\Model.php(329): CodeIgniter\Database\BaseBuilder->insert()
 3 SYSTEMPATH\BaseModel.php(782): CodeIgniter\Model->doInsert([...])
 4 SYSTEMPATH\Model.php(729): CodeIgniter\BaseModel->insert([...], true)
 5 APPPATH\Controllers\Main.php(90): CodeIgniter\Model->insert([...])
 6 SYSTEMPATH\CodeIgniter.php(934): App\Controllers\Main->create()
 7 SYSTEMPATH\CodeIgniter.php(499): CodeIgniter\CodeIgniter->runController(Object(App\Controllers\Main))
 8 SYSTEMPATH\CodeIgniter.php(368): CodeIgniter\CodeIgniter->handleRequest(null, Object(Config\Cache), false)
 9 FCPATH\index.php(67): CodeIgniter\CodeIgniter->run()
ERROR - 2023-02-13 06:17:29 --> [Microsoft][ODBC Driver 17 for SQL Server][SQL Server]Cannot insert the value NULL into column 'InventoryAPKId', table 'KE_DB_IMS_UAT.dbo.InventoryAPP'; column does not allow nulls. INSERT fails.
CRITICAL - 2023-02-13 06:17:29 --> [Microsoft][ODBC Driver 17 for SQL Server][SQL Server]Cannot insert the value NULL into column 'InventoryAPKId', table 'KE_DB_IMS_UAT.dbo.InventoryAPP'; column does not allow nulls. INSERT fails.
in SYSTEMPATH\Database\BaseConnection.php on line 645.
 1 SYSTEMPATH\Database\BaseBuilder.php(2295): CodeIgniter\Database\BaseConnection->query('INSERT INTO "KE_DB_IMS_UAT"."dbo"."InventoryAPP" ("InventoryAPKId","requestOrderNumber","requestOrderId","latitude","longitude","status") VALUES (:InventoryAPKId:, :requestOrderNumber:, :requestOrderId:, :latitude:, :longitude:, :status:)', [...], false)
 2 SYSTEMPATH\Model.php(329): CodeIgniter\Database\BaseBuilder->insert()
 3 SYSTEMPATH\BaseModel.php(782): CodeIgniter\Model->doInsert([...])
 4 SYSTEMPATH\Model.php(729): CodeIgniter\BaseModel->insert([...], true)
 5 APPPATH\Controllers\Main.php(90): CodeIgniter\Model->insert([...])
 6 SYSTEMPATH\CodeIgniter.php(934): App\Controllers\Main->create()
 7 SYSTEMPATH\CodeIgniter.php(499): CodeIgniter\CodeIgniter->runController(Object(App\Controllers\Main))
 8 SYSTEMPATH\CodeIgniter.php(368): CodeIgniter\CodeIgniter->handleRequest(null, Object(Config\Cache), false)
 9 FCPATH\index.php(67): CodeIgniter\CodeIgniter->run()
ERROR - 2023-02-13 06:18:27 --> [Microsoft][ODBC Driver 17 for SQL Server][SQL Server]Cannot insert the value NULL into column 'InventoryAPKId', table 'KE_DB_IMS_UAT.dbo.InventoryAPP'; column does not allow nulls. INSERT fails.
CRITICAL - 2023-02-13 06:18:27 --> [Microsoft][ODBC Driver 17 for SQL Server][SQL Server]Cannot insert the value NULL into column 'InventoryAPKId', table 'KE_DB_IMS_UAT.dbo.InventoryAPP'; column does not allow nulls. INSERT fails.
in SYSTEMPATH\Database\BaseConnection.php on line 645.
 1 SYSTEMPATH\Database\BaseBuilder.php(2295): CodeIgniter\Database\BaseConnection->query('INSERT INTO "KE_DB_IMS_UAT"."dbo"."InventoryAPP" ("InventoryAPKId","requestOrderNumber","requestOrderId","latitude","longitude","status") VALUES (:InventoryAPKId:, :requestOrderNumber:, :requestOrderId:, :latitude:, :longitude:, :status:)', [...], false)
 2 SYSTEMPATH\Model.php(329): CodeIgniter\Database\BaseBuilder->insert()
 3 SYSTEMPATH\BaseModel.php(782): CodeIgniter\Model->doInsert([...])
 4 SYSTEMPATH\Model.php(729): CodeIgniter\BaseModel->insert([...], true)
 5 APPPATH\Controllers\Main.php(90): CodeIgniter\Model->insert([...])
 6 SYSTEMPATH\CodeIgniter.php(934): App\Controllers\Main->create()
 7 SYSTEMPATH\CodeIgniter.php(499): CodeIgniter\CodeIgniter->runController(Object(App\Controllers\Main))
 8 SYSTEMPATH\CodeIgniter.php(368): CodeIgniter\CodeIgniter->handleRequest(null, Object(Config\Cache), false)
 9 FCPATH\index.php(67): CodeIgniter\CodeIgniter->run()
ERROR - 2023-02-13 06:18:29 --> [Microsoft][ODBC Driver 17 for SQL Server][SQL Server]Cannot insert the value NULL into column 'InventoryAPKId', table 'KE_DB_IMS_UAT.dbo.InventoryAPP'; column does not allow nulls. INSERT fails.
CRITICAL - 2023-02-13 06:18:29 --> [Microsoft][ODBC Driver 17 for SQL Server][SQL Server]Cannot insert the value NULL into column 'InventoryAPKId', table 'KE_DB_IMS_UAT.dbo.InventoryAPP'; column does not allow nulls. INSERT fails.
in SYSTEMPATH\Database\BaseConnection.php on line 645.
 1 SYSTEMPATH\Database\BaseBuilder.php(2295): CodeIgniter\Database\BaseConnection->query('INSERT INTO "KE_DB_IMS_UAT"."dbo"."InventoryAPP" ("InventoryAPKId","requestOrderNumber","requestOrderId","latitude","longitude","status") VALUES (:InventoryAPKId:, :requestOrderNumber:, :requestOrderId:, :latitude:, :longitude:, :status:)', [...], false)
 2 SYSTEMPATH\Model.php(329): CodeIgniter\Database\BaseBuilder->insert()
 3 SYSTEMPATH\BaseModel.php(782): CodeIgniter\Model->doInsert([...])
 4 SYSTEMPATH\Model.php(729): CodeIgniter\BaseModel->insert([...], true)
 5 APPPATH\Controllers\Main.php(90): CodeIgniter\Model->insert([...])
 6 SYSTEMPATH\CodeIgniter.php(934): App\Controllers\Main->create()
 7 SYSTEMPATH\CodeIgniter.php(499): CodeIgniter\CodeIgniter->runController(Object(App\Controllers\Main))
 8 SYSTEMPATH\CodeIgniter.php(368): CodeIgniter\CodeIgniter->handleRequest(null, Object(Config\Cache), false)
 9 FCPATH\index.php(67): CodeIgniter\CodeIgniter->run()
ERROR - 2023-02-13 06:18:30 --> [Microsoft][ODBC Driver 17 for SQL Server][SQL Server]Cannot insert the value NULL into column 'InventoryAPKId', table 'KE_DB_IMS_UAT.dbo.InventoryAPP'; column does not allow nulls. INSERT fails.
CRITICAL - 2023-02-13 06:18:30 --> [Microsoft][ODBC Driver 17 for SQL Server][SQL Server]Cannot insert the value NULL into column 'InventoryAPKId', table 'KE_DB_IMS_UAT.dbo.InventoryAPP'; column does not allow nulls. INSERT fails.
in SYSTEMPATH\Database\BaseConnection.php on line 645.
 1 SYSTEMPATH\Database\BaseBuilder.php(2295): CodeIgniter\Database\BaseConnection->query('INSERT INTO "KE_DB_IMS_UAT"."dbo"."InventoryAPP" ("InventoryAPKId","requestOrderNumber","requestOrderId","latitude","longitude","status") VALUES (:InventoryAPKId:, :requestOrderNumber:, :requestOrderId:, :latitude:, :longitude:, :status:)', [...], false)
 2 SYSTEMPATH\Model.php(329): CodeIgniter\Database\BaseBuilder->insert()
 3 SYSTEMPATH\BaseModel.php(782): CodeIgniter\Model->doInsert([...])
 4 SYSTEMPATH\Model.php(729): CodeIgniter\BaseModel->insert([...], true)
 5 APPPATH\Controllers\Main.php(90): CodeIgniter\Model->insert([...])
 6 SYSTEMPATH\CodeIgniter.php(934): App\Controllers\Main->create()
 7 SYSTEMPATH\CodeIgniter.php(499): CodeIgniter\CodeIgniter->runController(Object(App\Controllers\Main))
 8 SYSTEMPATH\CodeIgniter.php(368): CodeIgniter\CodeIgniter->handleRequest(null, Object(Config\Cache), false)
 9 FCPATH\index.php(67): CodeIgniter\CodeIgniter->run()
ERROR - 2023-02-13 06:19:21 --> [Microsoft][ODBC Driver 17 for SQL Server][SQL Server]Cannot insert the value NULL into column 'InventoryAPKId', table 'KE_DB_IMS_UAT.dbo.InventoryAPP'; column does not allow nulls. INSERT fails.
CRITICAL - 2023-02-13 06:19:21 --> [Microsoft][ODBC Driver 17 for SQL Server][SQL Server]Cannot insert the value NULL into column 'InventoryAPKId', table 'KE_DB_IMS_UAT.dbo.InventoryAPP'; column does not allow nulls. INSERT fails.
in SYSTEMPATH\Database\BaseConnection.php on line 645.
 1 SYSTEMPATH\Database\BaseBuilder.php(2295): CodeIgniter\Database\BaseConnection->query('INSERT INTO "KE_DB_IMS_UAT"."dbo"."InventoryAPP" ("InventoryAPKId","requestOrderNumber","requestOrderId","latitude","longitude","status") VALUES (:InventoryAPKId:, :requestOrderNumber:, :requestOrderId:, :latitude:, :longitude:, :status:)', [...], false)
 2 SYSTEMPATH\Model.php(329): CodeIgniter\Database\BaseBuilder->insert()
 3 SYSTEMPATH\BaseModel.php(782): CodeIgniter\Model->doInsert([...])
 4 SYSTEMPATH\Model.php(729): CodeIgniter\BaseModel->insert([...], true)
 5 APPPATH\Controllers\Main.php(90): CodeIgniter\Model->insert([...])
 6 SYSTEMPATH\CodeIgniter.php(934): App\Controllers\Main->create()
 7 SYSTEMPATH\CodeIgniter.php(499): CodeIgniter\CodeIgniter->runController(Object(App\Controllers\Main))
 8 SYSTEMPATH\CodeIgniter.php(368): CodeIgniter\CodeIgniter->handleRequest(null, Object(Config\Cache), false)
 9 FCPATH\index.php(67): CodeIgniter\CodeIgniter->run()
ERROR - 2023-02-13 06:20:13 --> [Microsoft][ODBC Driver 17 for SQL Server][SQL Server]Cannot insert the value NULL into column 'InventoryAPKId', table 'KE_DB_IMS_UAT.dbo.InventoryAPP'; column does not allow nulls. INSERT fails.
CRITICAL - 2023-02-13 06:20:13 --> [Microsoft][ODBC Driver 17 for SQL Server][SQL Server]Cannot insert the value NULL into column 'InventoryAPKId', table 'KE_DB_IMS_UAT.dbo.InventoryAPP'; column does not allow nulls. INSERT fails.
in SYSTEMPATH\Database\BaseConnection.php on line 645.
 1 SYSTEMPATH\Database\BaseBuilder.php(2295): CodeIgniter\Database\BaseConnection->query('INSERT INTO "KE_DB_IMS_UAT"."dbo"."InventoryAPP" ("InventoryAPKId","requestOrderNumber","requestOrderId","latitude","longitude","status") VALUES (:InventoryAPKId:, :requestOrderNumber:, :requestOrderId:, :latitude:, :longitude:, :status:)', [...], false)
 2 SYSTEMPATH\Model.php(329): CodeIgniter\Database\BaseBuilder->insert()
 3 SYSTEMPATH\BaseModel.php(782): CodeIgniter\Model->doInsert([...])
 4 SYSTEMPATH\Model.php(729): CodeIgniter\BaseModel->insert([...], true)
 5 APPPATH\Controllers\Main.php(90): CodeIgniter\Model->insert([...])
 6 SYSTEMPATH\CodeIgniter.php(934): App\Controllers\Main->create()
 7 SYSTEMPATH\CodeIgniter.php(499): CodeIgniter\CodeIgniter->runController(Object(App\Controllers\Main))
 8 SYSTEMPATH\CodeIgniter.php(368): CodeIgniter\CodeIgniter->handleRequest(null, Object(Config\Cache), false)
 9 FCPATH\index.php(67): CodeIgniter\CodeIgniter->run()
ERROR - 2023-02-13 06:20:22 --> [Microsoft][ODBC Driver 17 for SQL Server][SQL Server]Cannot insert the value NULL into column 'InventoryAPKId', table 'KE_DB_IMS_UAT.dbo.InventoryAPP'; column does not allow nulls. INSERT fails.
CRITICAL - 2023-02-13 06:20:22 --> [Microsoft][ODBC Driver 17 for SQL Server][SQL Server]Cannot insert the value NULL into column 'InventoryAPKId', table 'KE_DB_IMS_UAT.dbo.InventoryAPP'; column does not allow nulls. INSERT fails.
in SYSTEMPATH\Database\BaseConnection.php on line 645.
 1 SYSTEMPATH\Database\BaseBuilder.php(2295): CodeIgniter\Database\BaseConnection->query('INSERT INTO "KE_DB_IMS_UAT"."dbo"."InventoryAPP" ("InventoryAPKId","requestOrderNumber","requestOrderId","latitude","longitude","status") VALUES (:InventoryAPKId:, :requestOrderNumber:, :requestOrderId:, :latitude:, :longitude:, :status:)', [...], false)
 2 SYSTEMPATH\Model.php(329): CodeIgniter\Database\BaseBuilder->insert()
 3 SYSTEMPATH\BaseModel.php(782): CodeIgniter\Model->doInsert([...])
 4 SYSTEMPATH\Model.php(729): CodeIgniter\BaseModel->insert([...], true)
 5 APPPATH\Controllers\Main.php(90): CodeIgniter\Model->insert([...])
 6 SYSTEMPATH\CodeIgniter.php(934): App\Controllers\Main->create()
 7 SYSTEMPATH\CodeIgniter.php(499): CodeIgniter\CodeIgniter->runController(Object(App\Controllers\Main))
 8 SYSTEMPATH\CodeIgniter.php(368): CodeIgniter\CodeIgniter->handleRequest(null, Object(Config\Cache), false)
 9 FCPATH\index.php(67): CodeIgniter\CodeIgniter->run()
ERROR - 2023-02-13 06:21:00 --> [Microsoft][ODBC Driver 17 for SQL Server][SQL Server]Cannot insert the value NULL into column 'InventoryAPKId', table 'KE_DB_IMS_UAT.dbo.InventoryAPP'; column does not allow nulls. INSERT fails.
CRITICAL - 2023-02-13 06:21:00 --> [Microsoft][ODBC Driver 17 for SQL Server][SQL Server]Cannot insert the value NULL into column 'InventoryAPKId', table 'KE_DB_IMS_UAT.dbo.InventoryAPP'; column does not allow nulls. INSERT fails.
in SYSTEMPATH\Database\BaseConnection.php on line 645.
 1 SYSTEMPATH\Database\BaseBuilder.php(2295): CodeIgniter\Database\BaseConnection->query('INSERT INTO "KE_DB_IMS_UAT"."dbo"."InventoryAPP" ("InventoryAPKId","requestOrderNumber","requestOrderId","latitude","longitude","status") VALUES (:InventoryAPKId:, :requestOrderNumber:, :requestOrderId:, :latitude:, :longitude:, :status:)', [...], false)
 2 SYSTEMPATH\Model.php(329): CodeIgniter\Database\BaseBuilder->insert()
 3 SYSTEMPATH\BaseModel.php(782): CodeIgniter\Model->doInsert([...])
 4 SYSTEMPATH\Model.php(729): CodeIgniter\BaseModel->insert([...], true)
 5 APPPATH\Controllers\Main.php(90): CodeIgniter\Model->insert([...])
 6 SYSTEMPATH\CodeIgniter.php(934): App\Controllers\Main->create()
 7 SYSTEMPATH\CodeIgniter.php(499): CodeIgniter\CodeIgniter->runController(Object(App\Controllers\Main))
 8 SYSTEMPATH\CodeIgniter.php(368): CodeIgniter\CodeIgniter->handleRequest(null, Object(Config\Cache), false)
 9 FCPATH\index.php(67): CodeIgniter\CodeIgniter->run()
ERROR - 2023-02-13 06:21:01 --> [Microsoft][ODBC Driver 17 for SQL Server][SQL Server]Cannot insert the value NULL into column 'InventoryAPKId', table 'KE_DB_IMS_UAT.dbo.InventoryAPP'; column does not allow nulls. INSERT fails.
CRITICAL - 2023-02-13 06:21:01 --> [Microsoft][ODBC Driver 17 for SQL Server][SQL Server]Cannot insert the value NULL into column 'InventoryAPKId', table 'KE_DB_IMS_UAT.dbo.InventoryAPP'; column does not allow nulls. INSERT fails.
in SYSTEMPATH\Database\BaseConnection.php on line 645.
 1 SYSTEMPATH\Database\BaseBuilder.php(2295): CodeIgniter\Database\BaseConnection->query('INSERT INTO "KE_DB_IMS_UAT"."dbo"."InventoryAPP" ("InventoryAPKId","requestOrderNumber","requestOrderId","latitude","longitude","status") VALUES (:InventoryAPKId:, :requestOrderNumber:, :requestOrderId:, :latitude:, :longitude:, :status:)', [...], false)
 2 SYSTEMPATH\Model.php(329): CodeIgniter\Database\BaseBuilder->insert()
 3 SYSTEMPATH\BaseModel.php(782): CodeIgniter\Model->doInsert([...])
 4 SYSTEMPATH\Model.php(729): CodeIgniter\BaseModel->insert([...], true)
 5 APPPATH\Controllers\Main.php(90): CodeIgniter\Model->insert([...])
 6 SYSTEMPATH\CodeIgniter.php(934): App\Controllers\Main->create()
 7 SYSTEMPATH\CodeIgniter.php(499): CodeIgniter\CodeIgniter->runController(Object(App\Controllers\Main))
 8 SYSTEMPATH\CodeIgniter.php(368): CodeIgniter\CodeIgniter->handleRequest(null, Object(Config\Cache), false)
 9 FCPATH\index.php(67): CodeIgniter\CodeIgniter->run()
ERROR - 2023-02-13 06:21:02 --> [Microsoft][ODBC Driver 17 for SQL Server][SQL Server]Cannot insert the value NULL into column 'InventoryAPKId', table 'KE_DB_IMS_UAT.dbo.InventoryAPP'; column does not allow nulls. INSERT fails.
CRITICAL - 2023-02-13 06:21:02 --> [Microsoft][ODBC Driver 17 for SQL Server][SQL Server]Cannot insert the value NULL into column 'InventoryAPKId', table 'KE_DB_IMS_UAT.dbo.InventoryAPP'; column does not allow nulls. INSERT fails.
in SYSTEMPATH\Database\BaseConnection.php on line 645.
 1 SYSTEMPATH\Database\BaseBuilder.php(2295): CodeIgniter\Database\BaseConnection->query('INSERT INTO "KE_DB_IMS_UAT"."dbo"."InventoryAPP" ("InventoryAPKId","requestOrderNumber","requestOrderId","latitude","longitude","status") VALUES (:InventoryAPKId:, :requestOrderNumber:, :requestOrderId:, :latitude:, :longitude:, :status:)', [...], false)
 2 SYSTEMPATH\Model.php(329): CodeIgniter\Database\BaseBuilder->insert()
 3 SYSTEMPATH\BaseModel.php(782): CodeIgniter\Model->doInsert([...])
 4 SYSTEMPATH\Model.php(729): CodeIgniter\BaseModel->insert([...], true)
 5 APPPATH\Controllers\Main.php(90): CodeIgniter\Model->insert([...])
 6 SYSTEMPATH\CodeIgniter.php(934): App\Controllers\Main->create()
 7 SYSTEMPATH\CodeIgniter.php(499): CodeIgniter\CodeIgniter->runController(Object(App\Controllers\Main))
 8 SYSTEMPATH\CodeIgniter.php(368): CodeIgniter\CodeIgniter->handleRequest(null, Object(Config\Cache), false)
 9 FCPATH\index.php(67): CodeIgniter\CodeIgniter->run()
ERROR - 2023-02-13 06:22:01 --> [Microsoft][ODBC Driver 17 for SQL Server][SQL Server]Cannot insert the value NULL into column 'InventoryAPKId', table 'KE_DB_IMS_UAT.dbo.InventoryAPP'; column does not allow nulls. INSERT fails.
CRITICAL - 2023-02-13 06:22:01 --> [Microsoft][ODBC Driver 17 for SQL Server][SQL Server]Cannot insert the value NULL into column 'InventoryAPKId', table 'KE_DB_IMS_UAT.dbo.InventoryAPP'; column does not allow nulls. INSERT fails.
in SYSTEMPATH\Database\BaseConnection.php on line 645.
 1 SYSTEMPATH\Database\BaseBuilder.php(2295): CodeIgniter\Database\BaseConnection->query('INSERT INTO "KE_DB_IMS_UAT"."dbo"."InventoryAPP" ("InventoryAPKId","requestOrderNumber","requestOrderId","latitude","longitude","status") VALUES (:InventoryAPKId:, :requestOrderNumber:, :requestOrderId:, :latitude:, :longitude:, :status:)', [...], false)
 2 SYSTEMPATH\Model.php(329): CodeIgniter\Database\BaseBuilder->insert()
 3 SYSTEMPATH\BaseModel.php(782): CodeIgniter\Model->doInsert([...])
 4 SYSTEMPATH\Model.php(729): CodeIgniter\BaseModel->insert([...], true)
 5 APPPATH\Controllers\Main.php(90): CodeIgniter\Model->insert([...])
 6 SYSTEMPATH\CodeIgniter.php(934): App\Controllers\Main->create()
 7 SYSTEMPATH\CodeIgniter.php(499): CodeIgniter\CodeIgniter->runController(Object(App\Controllers\Main))
 8 SYSTEMPATH\CodeIgniter.php(368): CodeIgniter\CodeIgniter->handleRequest(null, Object(Config\Cache), false)
 9 FCPATH\index.php(67): CodeIgniter\CodeIgniter->run()
ERROR - 2023-02-13 06:22:04 --> [Microsoft][ODBC Driver 17 for SQL Server][SQL Server]Cannot insert the value NULL into column 'InventoryAPKId', table 'KE_DB_IMS_UAT.dbo.InventoryAPP'; column does not allow nulls. INSERT fails.
CRITICAL - 2023-02-13 06:22:04 --> [Microsoft][ODBC Driver 17 for SQL Server][SQL Server]Cannot insert the value NULL into column 'InventoryAPKId', table 'KE_DB_IMS_UAT.dbo.InventoryAPP'; column does not allow nulls. INSERT fails.
in SYSTEMPATH\Database\BaseConnection.php on line 645.
 1 SYSTEMPATH\Database\BaseBuilder.php(2295): CodeIgniter\Database\BaseConnection->query('INSERT INTO "KE_DB_IMS_UAT"."dbo"."InventoryAPP" ("InventoryAPKId","requestOrderNumber","requestOrderId","latitude","longitude","status") VALUES (:InventoryAPKId:, :requestOrderNumber:, :requestOrderId:, :latitude:, :longitude:, :status:)', [...], false)
 2 SYSTEMPATH\Model.php(329): CodeIgniter\Database\BaseBuilder->insert()
 3 SYSTEMPATH\BaseModel.php(782): CodeIgniter\Model->doInsert([...])
 4 SYSTEMPATH\Model.php(729): CodeIgniter\BaseModel->insert([...], true)
 5 APPPATH\Controllers\Main.php(90): CodeIgniter\Model->insert([...])
 6 SYSTEMPATH\CodeIgniter.php(934): App\Controllers\Main->create()
 7 SYSTEMPATH\CodeIgniter.php(499): CodeIgniter\CodeIgniter->runController(Object(App\Controllers\Main))
 8 SYSTEMPATH\CodeIgniter.php(368): CodeIgniter\CodeIgniter->handleRequest(null, Object(Config\Cache), false)
 9 FCPATH\index.php(67): CodeIgniter\CodeIgniter->run()
ERROR - 2023-02-13 06:22:05 --> [Microsoft][ODBC Driver 17 for SQL Server][SQL Server]Cannot insert the value NULL into column 'InventoryAPKId', table 'KE_DB_IMS_UAT.dbo.InventoryAPP'; column does not allow nulls. INSERT fails.
CRITICAL - 2023-02-13 06:22:06 --> [Microsoft][ODBC Driver 17 for SQL Server][SQL Server]Cannot insert the value NULL into column 'InventoryAPKId', table 'KE_DB_IMS_UAT.dbo.InventoryAPP'; column does not allow nulls. INSERT fails.
in SYSTEMPATH\Database\BaseConnection.php on line 645.
 1 SYSTEMPATH\Database\BaseBuilder.php(2295): CodeIgniter\Database\BaseConnection->query('INSERT INTO "KE_DB_IMS_UAT"."dbo"."InventoryAPP" ("InventoryAPKId","requestOrderNumber","requestOrderId","latitude","longitude","status") VALUES (:InventoryAPKId:, :requestOrderNumber:, :requestOrderId:, :latitude:, :longitude:, :status:)', [...], false)
 2 SYSTEMPATH\Model.php(329): CodeIgniter\Database\BaseBuilder->insert()
 3 SYSTEMPATH\BaseModel.php(782): CodeIgniter\Model->doInsert([...])
 4 SYSTEMPATH\Model.php(729): CodeIgniter\BaseModel->insert([...], true)
 5 APPPATH\Controllers\Main.php(90): CodeIgniter\Model->insert([...])
 6 SYSTEMPATH\CodeIgniter.php(934): App\Controllers\Main->create()
 7 SYSTEMPATH\CodeIgniter.php(499): CodeIgniter\CodeIgniter->runController(Object(App\Controllers\Main))
 8 SYSTEMPATH\CodeIgniter.php(368): CodeIgniter\CodeIgniter->handleRequest(null, Object(Config\Cache), false)
 9 FCPATH\index.php(67): CodeIgniter\CodeIgniter->run()
ERROR - 2023-02-13 06:22:07 --> [Microsoft][ODBC Driver 17 for SQL Server][SQL Server]Cannot insert the value NULL into column 'InventoryAPKId', table 'KE_DB_IMS_UAT.dbo.InventoryAPP'; column does not allow nulls. INSERT fails.
CRITICAL - 2023-02-13 06:22:07 --> [Microsoft][ODBC Driver 17 for SQL Server][SQL Server]Cannot insert the value NULL into column 'InventoryAPKId', table 'KE_DB_IMS_UAT.dbo.InventoryAPP'; column does not allow nulls. INSERT fails.
in SYSTEMPATH\Database\BaseConnection.php on line 645.
 1 SYSTEMPATH\Database\BaseBuilder.php(2295): CodeIgniter\Database\BaseConnection->query('INSERT INTO "KE_DB_IMS_UAT"."dbo"."InventoryAPP" ("InventoryAPKId","requestOrderNumber","requestOrderId","latitude","longitude","status") VALUES (:InventoryAPKId:, :requestOrderNumber:, :requestOrderId:, :latitude:, :longitude:, :status:)', [...], false)
 2 SYSTEMPATH\Model.php(329): CodeIgniter\Database\BaseBuilder->insert()
 3 SYSTEMPATH\BaseModel.php(782): CodeIgniter\Model->doInsert([...])
 4 SYSTEMPATH\Model.php(729): CodeIgniter\BaseModel->insert([...], true)
 5 APPPATH\Controllers\Main.php(90): CodeIgniter\Model->insert([...])
 6 SYSTEMPATH\CodeIgniter.php(934): App\Controllers\Main->create()
 7 SYSTEMPATH\CodeIgniter.php(499): CodeIgniter\CodeIgniter->runController(Object(App\Controllers\Main))
 8 SYSTEMPATH\CodeIgniter.php(368): CodeIgniter\CodeIgniter->handleRequest(null, Object(Config\Cache), false)
 9 FCPATH\index.php(67): CodeIgniter\CodeIgniter->run()
ERROR - 2023-02-13 06:22:08 --> [Microsoft][ODBC Driver 17 for SQL Server][SQL Server]Cannot insert the value NULL into column 'InventoryAPKId', table 'KE_DB_IMS_UAT.dbo.InventoryAPP'; column does not allow nulls. INSERT fails.
CRITICAL - 2023-02-13 06:22:08 --> [Microsoft][ODBC Driver 17 for SQL Server][SQL Server]Cannot insert the value NULL into column 'InventoryAPKId', table 'KE_DB_IMS_UAT.dbo.InventoryAPP'; column does not allow nulls. INSERT fails.
in SYSTEMPATH\Database\BaseConnection.php on line 645.
 1 SYSTEMPATH\Database\BaseBuilder.php(2295): CodeIgniter\Database\BaseConnection->query('INSERT INTO "KE_DB_IMS_UAT"."dbo"."InventoryAPP" ("InventoryAPKId","requestOrderNumber","requestOrderId","latitude","longitude","status") VALUES (:InventoryAPKId:, :requestOrderNumber:, :requestOrderId:, :latitude:, :longitude:, :status:)', [...], false)
 2 SYSTEMPATH\Model.php(329): CodeIgniter\Database\BaseBuilder->insert()
 3 SYSTEMPATH\BaseModel.php(782): CodeIgniter\Model->doInsert([...])
 4 SYSTEMPATH\Model.php(729): CodeIgniter\BaseModel->insert([...], true)
 5 APPPATH\Controllers\Main.php(90): CodeIgniter\Model->insert([...])
 6 SYSTEMPATH\CodeIgniter.php(934): App\Controllers\Main->create()
 7 SYSTEMPATH\CodeIgniter.php(499): CodeIgniter\CodeIgniter->runController(Object(App\Controllers\Main))
 8 SYSTEMPATH\CodeIgniter.php(368): CodeIgniter\CodeIgniter->handleRequest(null, Object(Config\Cache), false)
 9 FCPATH\index.php(67): CodeIgniter\CodeIgniter->run()
ERROR - 2023-02-13 06:22:09 --> [Microsoft][ODBC Driver 17 for SQL Server][SQL Server]Cannot insert the value NULL into column 'InventoryAPKId', table 'KE_DB_IMS_UAT.dbo.InventoryAPP'; column does not allow nulls. INSERT fails.
CRITICAL - 2023-02-13 06:22:09 --> [Microsoft][ODBC Driver 17 for SQL Server][SQL Server]Cannot insert the value NULL into column 'InventoryAPKId', table 'KE_DB_IMS_UAT.dbo.InventoryAPP'; column does not allow nulls. INSERT fails.
in SYSTEMPATH\Database\BaseConnection.php on line 645.
 1 SYSTEMPATH\Database\BaseBuilder.php(2295): CodeIgniter\Database\BaseConnection->query('INSERT INTO "KE_DB_IMS_UAT"."dbo"."InventoryAPP" ("InventoryAPKId","requestOrderNumber","requestOrderId","latitude","longitude","status") VALUES (:InventoryAPKId:, :requestOrderNumber:, :requestOrderId:, :latitude:, :longitude:, :status:)', [...], false)
 2 SYSTEMPATH\Model.php(329): CodeIgniter\Database\BaseBuilder->insert()
 3 SYSTEMPATH\BaseModel.php(782): CodeIgniter\Model->doInsert([...])
 4 SYSTEMPATH\Model.php(729): CodeIgniter\BaseModel->insert([...], true)
 5 APPPATH\Controllers\Main.php(90): CodeIgniter\Model->insert([...])
 6 SYSTEMPATH\CodeIgniter.php(934): App\Controllers\Main->create()
 7 SYSTEMPATH\CodeIgniter.php(499): CodeIgniter\CodeIgniter->runController(Object(App\Controllers\Main))
 8 SYSTEMPATH\CodeIgniter.php(368): CodeIgniter\CodeIgniter->handleRequest(null, Object(Config\Cache), false)
 9 FCPATH\index.php(67): CodeIgniter\CodeIgniter->run()
ERROR - 2023-02-13 06:22:18 --> [Microsoft][ODBC Driver 17 for SQL Server][SQL Server]Cannot insert the value NULL into column 'InventoryAPKId', table 'KE_DB_IMS_UAT.dbo.InventoryAPP'; column does not allow nulls. INSERT fails.
CRITICAL - 2023-02-13 06:22:18 --> [Microsoft][ODBC Driver 17 for SQL Server][SQL Server]Cannot insert the value NULL into column 'InventoryAPKId', table 'KE_DB_IMS_UAT.dbo.InventoryAPP'; column does not allow nulls. INSERT fails.
in SYSTEMPATH\Database\BaseConnection.php on line 645.
 1 SYSTEMPATH\Database\BaseBuilder.php(2295): CodeIgniter\Database\BaseConnection->query('INSERT INTO "KE_DB_IMS_UAT"."dbo"."InventoryAPP" ("InventoryAPKId","requestOrderNumber","requestOrderId","latitude","longitude","status") VALUES (:InventoryAPKId:, :requestOrderNumber:, :requestOrderId:, :latitude:, :longitude:, :status:)', [...], false)
 2 SYSTEMPATH\Model.php(329): CodeIgniter\Database\BaseBuilder->insert()
 3 SYSTEMPATH\BaseModel.php(782): CodeIgniter\Model->doInsert([...])
 4 SYSTEMPATH\Model.php(729): CodeIgniter\BaseModel->insert([...], true)
 5 APPPATH\Controllers\Main.php(90): CodeIgniter\Model->insert([...])
 6 SYSTEMPATH\CodeIgniter.php(934): App\Controllers\Main->create()
 7 SYSTEMPATH\CodeIgniter.php(499): CodeIgniter\CodeIgniter->runController(Object(App\Controllers\Main))
 8 SYSTEMPATH\CodeIgniter.php(368): CodeIgniter\CodeIgniter->handleRequest(null, Object(Config\Cache), false)
 9 FCPATH\index.php(67): CodeIgniter\CodeIgniter->run()
ERROR - 2023-02-13 06:22:20 --> [Microsoft][ODBC Driver 17 for SQL Server][SQL Server]Cannot insert the value NULL into column 'InventoryAPKId', table 'KE_DB_IMS_UAT.dbo.InventoryAPP'; column does not allow nulls. INSERT fails.
CRITICAL - 2023-02-13 06:22:20 --> [Microsoft][ODBC Driver 17 for SQL Server][SQL Server]Cannot insert the value NULL into column 'InventoryAPKId', table 'KE_DB_IMS_UAT.dbo.InventoryAPP'; column does not allow nulls. INSERT fails.
in SYSTEMPATH\Database\BaseConnection.php on line 645.
 1 SYSTEMPATH\Database\BaseBuilder.php(2295): CodeIgniter\Database\BaseConnection->query('INSERT INTO "KE_DB_IMS_UAT"."dbo"."InventoryAPP" ("InventoryAPKId","requestOrderNumber","requestOrderId","latitude","longitude","status") VALUES (:InventoryAPKId:, :requestOrderNumber:, :requestOrderId:, :latitude:, :longitude:, :status:)', [...], false)
 2 SYSTEMPATH\Model.php(329): CodeIgniter\Database\BaseBuilder->insert()
 3 SYSTEMPATH\BaseModel.php(782): CodeIgniter\Model->doInsert([...])
 4 SYSTEMPATH\Model.php(729): CodeIgniter\BaseModel->insert([...], true)
 5 APPPATH\Controllers\Main.php(90): CodeIgniter\Model->insert([...])
 6 SYSTEMPATH\CodeIgniter.php(934): App\Controllers\Main->create()
 7 SYSTEMPATH\CodeIgniter.php(499): CodeIgniter\CodeIgniter->runController(Object(App\Controllers\Main))
 8 SYSTEMPATH\CodeIgniter.php(368): CodeIgniter\CodeIgniter->handleRequest(null, Object(Config\Cache), false)
 9 FCPATH\index.php(67): CodeIgniter\CodeIgniter->run()
ERROR - 2023-02-13 06:22:33 --> [Microsoft][ODBC Driver 17 for SQL Server][SQL Server]Cannot insert the value NULL into column 'InventoryAPKId', table 'KE_DB_IMS_UAT.dbo.InventoryAPP'; column does not allow nulls. INSERT fails.
CRITICAL - 2023-02-13 06:22:33 --> [Microsoft][ODBC Driver 17 for SQL Server][SQL Server]Cannot insert the value NULL into column 'InventoryAPKId', table 'KE_DB_IMS_UAT.dbo.InventoryAPP'; column does not allow nulls. INSERT fails.
in SYSTEMPATH\Database\BaseConnection.php on line 645.
 1 SYSTEMPATH\Database\BaseBuilder.php(2295): CodeIgniter\Database\BaseConnection->query('INSERT INTO "KE_DB_IMS_UAT"."dbo"."InventoryAPP" ("InventoryAPKId","requestOrderNumber","requestOrderId","latitude","longitude","status") VALUES (:InventoryAPKId:, :requestOrderNumber:, :requestOrderId:, :latitude:, :longitude:, :status:)', [...], false)
 2 SYSTEMPATH\Model.php(329): CodeIgniter\Database\BaseBuilder->insert()
 3 SYSTEMPATH\BaseModel.php(782): CodeIgniter\Model->doInsert([...])
 4 SYSTEMPATH\Model.php(729): CodeIgniter\BaseModel->insert([...], true)
 5 APPPATH\Controllers\Main.php(90): CodeIgniter\Model->insert([...])
 6 SYSTEMPATH\CodeIgniter.php(934): App\Controllers\Main->create()
 7 SYSTEMPATH\CodeIgniter.php(499): CodeIgniter\CodeIgniter->runController(Object(App\Controllers\Main))
 8 SYSTEMPATH\CodeIgniter.php(368): CodeIgniter\CodeIgniter->handleRequest(null, Object(Config\Cache), false)
 9 FCPATH\index.php(67): CodeIgniter\CodeIgniter->run()
ERROR - 2023-02-13 06:22:39 --> [Microsoft][ODBC Driver 17 for SQL Server][SQL Server]Cannot insert the value NULL into column 'InventoryAPKId', table 'KE_DB_IMS_UAT.dbo.InventoryAPP'; column does not allow nulls. INSERT fails.
CRITICAL - 2023-02-13 06:22:39 --> [Microsoft][ODBC Driver 17 for SQL Server][SQL Server]Cannot insert the value NULL into column 'InventoryAPKId', table 'KE_DB_IMS_UAT.dbo.InventoryAPP'; column does not allow nulls. INSERT fails.
in SYSTEMPATH\Database\BaseConnection.php on line 645.
 1 SYSTEMPATH\Database\BaseBuilder.php(2295): CodeIgniter\Database\BaseConnection->query('INSERT INTO "KE_DB_IMS_UAT"."dbo"."InventoryAPP" ("InventoryAPKId","requestOrderNumber","requestOrderId","latitude","longitude","status") VALUES (:InventoryAPKId:, :requestOrderNumber:, :requestOrderId:, :latitude:, :longitude:, :status:)', [...], false)
 2 SYSTEMPATH\Model.php(329): CodeIgniter\Database\BaseBuilder->insert()
 3 SYSTEMPATH\BaseModel.php(782): CodeIgniter\Model->doInsert([...])
 4 SYSTEMPATH\Model.php(729): CodeIgniter\BaseModel->insert([...], true)
 5 APPPATH\Controllers\Main.php(90): CodeIgniter\Model->insert([...])
 6 SYSTEMPATH\CodeIgniter.php(934): App\Controllers\Main->create()
 7 SYSTEMPATH\CodeIgniter.php(499): CodeIgniter\CodeIgniter->runController(Object(App\Controllers\Main))
 8 SYSTEMPATH\CodeIgniter.php(368): CodeIgniter\CodeIgniter->handleRequest(null, Object(Config\Cache), false)
 9 FCPATH\index.php(67): CodeIgniter\CodeIgniter->run()
ERROR - 2023-02-13 06:22:41 --> [Microsoft][ODBC Driver 17 for SQL Server][SQL Server]Cannot insert the value NULL into column 'InventoryAPKId', table 'KE_DB_IMS_UAT.dbo.InventoryAPP'; column does not allow nulls. INSERT fails.
CRITICAL - 2023-02-13 06:22:41 --> [Microsoft][ODBC Driver 17 for SQL Server][SQL Server]Cannot insert the value NULL into column 'InventoryAPKId', table 'KE_DB_IMS_UAT.dbo.InventoryAPP'; column does not allow nulls. INSERT fails.
in SYSTEMPATH\Database\BaseConnection.php on line 645.
 1 SYSTEMPATH\Database\BaseBuilder.php(2295): CodeIgniter\Database\BaseConnection->query('INSERT INTO "KE_DB_IMS_UAT"."dbo"."InventoryAPP" ("InventoryAPKId","requestOrderNumber","requestOrderId","latitude","longitude","status") VALUES (:InventoryAPKId:, :requestOrderNumber:, :requestOrderId:, :latitude:, :longitude:, :status:)', [...], false)
 2 SYSTEMPATH\Model.php(329): CodeIgniter\Database\BaseBuilder->insert()
 3 SYSTEMPATH\BaseModel.php(782): CodeIgniter\Model->doInsert([...])
 4 SYSTEMPATH\Model.php(729): CodeIgniter\BaseModel->insert([...], true)
 5 APPPATH\Controllers\Main.php(90): CodeIgniter\Model->insert([...])
 6 SYSTEMPATH\CodeIgniter.php(934): App\Controllers\Main->create()
 7 SYSTEMPATH\CodeIgniter.php(499): CodeIgniter\CodeIgniter->runController(Object(App\Controllers\Main))
 8 SYSTEMPATH\CodeIgniter.php(368): CodeIgniter\CodeIgniter->handleRequest(null, Object(Config\Cache), false)
 9 FCPATH\index.php(67): CodeIgniter\CodeIgniter->run()
ERROR - 2023-02-13 06:28:12 --> [Microsoft][ODBC Driver 17 for SQL Server][SQL Server]Cannot insert the value NULL into column 'InventoryAPKId', table 'KE_DB_IMS_UAT.dbo.InventoryAPP'; column does not allow nulls. INSERT fails.
CRITICAL - 2023-02-13 06:28:12 --> [Microsoft][ODBC Driver 17 for SQL Server][SQL Server]Cannot insert the value NULL into column 'InventoryAPKId', table 'KE_DB_IMS_UAT.dbo.InventoryAPP'; column does not allow nulls. INSERT fails.
in SYSTEMPATH\Database\BaseConnection.php on line 645.
 1 SYSTEMPATH\Database\BaseBuilder.php(2295): CodeIgniter\Database\BaseConnection->query('INSERT INTO "KE_DB_IMS_UAT"."dbo"."InventoryAPP" ("InventoryAPKId","requestOrderNumber","requestOrderId","latitude","longitude","status") VALUES (:InventoryAPKId:, :requestOrderNumber:, :requestOrderId:, :latitude:, :longitude:, :status:)', [...], false)
 2 SYSTEMPATH\Model.php(329): CodeIgniter\Database\BaseBuilder->insert()
 3 SYSTEMPATH\BaseModel.php(782): CodeIgniter\Model->doInsert([...])
 4 SYSTEMPATH\Model.php(729): CodeIgniter\BaseModel->insert([...], true)
 5 APPPATH\Controllers\Main.php(90): CodeIgniter\Model->insert([...])
 6 SYSTEMPATH\CodeIgniter.php(934): App\Controllers\Main->create()
 7 SYSTEMPATH\CodeIgniter.php(499): CodeIgniter\CodeIgniter->runController(Object(App\Controllers\Main))
 8 SYSTEMPATH\CodeIgniter.php(368): CodeIgniter\CodeIgniter->handleRequest(null, Object(Config\Cache), false)
 9 FCPATH\index.php(67): CodeIgniter\CodeIgniter->run()
ERROR - 2023-02-13 06:28:14 --> [Microsoft][ODBC Driver 17 for SQL Server][SQL Server]Cannot insert the value NULL into column 'InventoryAPKId', table 'KE_DB_IMS_UAT.dbo.InventoryAPP'; column does not allow nulls. INSERT fails.
CRITICAL - 2023-02-13 06:28:14 --> [Microsoft][ODBC Driver 17 for SQL Server][SQL Server]Cannot insert the value NULL into column 'InventoryAPKId', table 'KE_DB_IMS_UAT.dbo.InventoryAPP'; column does not allow nulls. INSERT fails.
in SYSTEMPATH\Database\BaseConnection.php on line 645.
 1 SYSTEMPATH\Database\BaseBuilder.php(2295): CodeIgniter\Database\BaseConnection->query('INSERT INTO "KE_DB_IMS_UAT"."dbo"."InventoryAPP" ("InventoryAPKId","requestOrderNumber","requestOrderId","latitude","longitude","status") VALUES (:InventoryAPKId:, :requestOrderNumber:, :requestOrderId:, :latitude:, :longitude:, :status:)', [...], false)
 2 SYSTEMPATH\Model.php(329): CodeIgniter\Database\BaseBuilder->insert()
 3 SYSTEMPATH\BaseModel.php(782): CodeIgniter\Model->doInsert([...])
 4 SYSTEMPATH\Model.php(729): CodeIgniter\BaseModel->insert([...], true)
 5 APPPATH\Controllers\Main.php(90): CodeIgniter\Model->insert([...])
 6 SYSTEMPATH\CodeIgniter.php(934): App\Controllers\Main->create()
 7 SYSTEMPATH\CodeIgniter.php(499): CodeIgniter\CodeIgniter->runController(Object(App\Controllers\Main))
 8 SYSTEMPATH\CodeIgniter.php(368): CodeIgniter\CodeIgniter->handleRequest(null, Object(Config\Cache), false)
 9 FCPATH\index.php(67): CodeIgniter\CodeIgniter->run()
ERROR - 2023-02-13 06:28:22 --> [Microsoft][ODBC Driver 17 for SQL Server][SQL Server]Cannot insert the value NULL into column 'InventoryAPKId', table 'KE_DB_IMS_UAT.dbo.InventoryAPP'; column does not allow nulls. INSERT fails.
CRITICAL - 2023-02-13 06:28:22 --> [Microsoft][ODBC Driver 17 for SQL Server][SQL Server]Cannot insert the value NULL into column 'InventoryAPKId', table 'KE_DB_IMS_UAT.dbo.InventoryAPP'; column does not allow nulls. INSERT fails.
in SYSTEMPATH\Database\BaseConnection.php on line 645.
 1 SYSTEMPATH\Database\BaseBuilder.php(2295): CodeIgniter\Database\BaseConnection->query('INSERT INTO "KE_DB_IMS_UAT"."dbo"."InventoryAPP" ("InventoryAPKId","requestOrderNumber","requestOrderId","latitude","longitude","status") VALUES (:InventoryAPKId:, :requestOrderNumber:, :requestOrderId:, :latitude:, :longitude:, :status:)', [...], false)
 2 SYSTEMPATH\Model.php(329): CodeIgniter\Database\BaseBuilder->insert()
 3 SYSTEMPATH\BaseModel.php(782): CodeIgniter\Model->doInsert([...])
 4 SYSTEMPATH\Model.php(729): CodeIgniter\BaseModel->insert([...], true)
 5 APPPATH\Controllers\Main.php(90): CodeIgniter\Model->insert([...])
 6 SYSTEMPATH\CodeIgniter.php(934): App\Controllers\Main->create()
 7 SYSTEMPATH\CodeIgniter.php(499): CodeIgniter\CodeIgniter->runController(Object(App\Controllers\Main))
 8 SYSTEMPATH\CodeIgniter.php(368): CodeIgniter\CodeIgniter->handleRequest(null, Object(Config\Cache), false)
 9 FCPATH\index.php(67): CodeIgniter\CodeIgniter->run()
ERROR - 2023-02-13 06:28:56 --> [Microsoft][ODBC Driver 17 for SQL Server][SQL Server]Cannot insert the value NULL into column 'InventoryAPKId', table 'KE_DB_IMS_UAT.dbo.InventoryAPP'; column does not allow nulls. INSERT fails.
CRITICAL - 2023-02-13 06:28:56 --> [Microsoft][ODBC Driver 17 for SQL Server][SQL Server]Cannot insert the value NULL into column 'InventoryAPKId', table 'KE_DB_IMS_UAT.dbo.InventoryAPP'; column does not allow nulls. INSERT fails.
in SYSTEMPATH\Database\BaseConnection.php on line 645.
 1 SYSTEMPATH\Database\BaseBuilder.php(2295): CodeIgniter\Database\BaseConnection->query('INSERT INTO "KE_DB_IMS_UAT"."dbo"."InventoryAPP" ("InventoryAPKId","requestOrderNumber","requestOrderId","latitude","longitude","status") VALUES (:InventoryAPKId:, :requestOrderNumber:, :requestOrderId:, :latitude:, :longitude:, :status:)', [...], false)
 2 SYSTEMPATH\Model.php(329): CodeIgniter\Database\BaseBuilder->insert()
 3 SYSTEMPATH\BaseModel.php(782): CodeIgniter\Model->doInsert([...])
 4 SYSTEMPATH\Model.php(729): CodeIgniter\BaseModel->insert([...], true)
 5 APPPATH\Controllers\Main.php(90): CodeIgniter\Model->insert([...])
 6 SYSTEMPATH\CodeIgniter.php(934): App\Controllers\Main->create()
 7 SYSTEMPATH\CodeIgniter.php(499): CodeIgniter\CodeIgniter->runController(Object(App\Controllers\Main))
 8 SYSTEMPATH\CodeIgniter.php(368): CodeIgniter\CodeIgniter->handleRequest(null, Object(Config\Cache), false)
 9 FCPATH\index.php(67): CodeIgniter\CodeIgniter->run()
ERROR - 2023-02-13 06:29:52 --> [Microsoft][ODBC Driver 17 for SQL Server][SQL Server]Cannot insert the value NULL into column 'InventoryAPKId', table 'KE_DB_IMS_UAT.dbo.InventoryAPP'; column does not allow nulls. INSERT fails.
CRITICAL - 2023-02-13 06:29:52 --> [Microsoft][ODBC Driver 17 for SQL Server][SQL Server]Cannot insert the value NULL into column 'InventoryAPKId', table 'KE_DB_IMS_UAT.dbo.InventoryAPP'; column does not allow nulls. INSERT fails.
in SYSTEMPATH\Database\BaseConnection.php on line 645.
 1 SYSTEMPATH\Database\BaseBuilder.php(2295): CodeIgniter\Database\BaseConnection->query('INSERT INTO "KE_DB_IMS_UAT"."dbo"."InventoryAPP" ("InventoryAPKId","requestOrderNumber","requestOrderId","latitude","longitude","status") VALUES (:InventoryAPKId:, :requestOrderNumber:, :requestOrderId:, :latitude:, :longitude:, :status:)', [...], false)
 2 SYSTEMPATH\Model.php(329): CodeIgniter\Database\BaseBuilder->insert()
 3 SYSTEMPATH\BaseModel.php(782): CodeIgniter\Model->doInsert([...])
 4 SYSTEMPATH\Model.php(729): CodeIgniter\BaseModel->insert([...], true)
 5 APPPATH\Controllers\Main.php(90): CodeIgniter\Model->insert([...])
 6 SYSTEMPATH\CodeIgniter.php(934): App\Controllers\Main->create()
 7 SYSTEMPATH\CodeIgniter.php(499): CodeIgniter\CodeIgniter->runController(Object(App\Controllers\Main))
 8 SYSTEMPATH\CodeIgniter.php(368): CodeIgniter\CodeIgniter->handleRequest(null, Object(Config\Cache), false)
 9 FCPATH\index.php(67): CodeIgniter\CodeIgniter->run()
ERROR - 2023-02-13 06:30:33 --> [Microsoft][ODBC Driver 17 for SQL Server][SQL Server]Cannot insert the value NULL into column 'InventoryAPKId', table 'KE_DB_IMS_UAT.dbo.InventoryAPP'; column does not allow nulls. INSERT fails.
CRITICAL - 2023-02-13 06:30:33 --> [Microsoft][ODBC Driver 17 for SQL Server][SQL Server]Cannot insert the value NULL into column 'InventoryAPKId', table 'KE_DB_IMS_UAT.dbo.InventoryAPP'; column does not allow nulls. INSERT fails.
in SYSTEMPATH\Database\BaseConnection.php on line 645.
 1 SYSTEMPATH\Database\BaseBuilder.php(2295): CodeIgniter\Database\BaseConnection->query('INSERT INTO "KE_DB_IMS_UAT"."dbo"."InventoryAPP" ("InventoryAPKId","requestOrderNumber","requestOrderId","latitude","longitude","status") VALUES (:InventoryAPKId:, :requestOrderNumber:, :requestOrderId:, :latitude:, :longitude:, :status:)', [...], false)
 2 SYSTEMPATH\Model.php(329): CodeIgniter\Database\BaseBuilder->insert()
 3 SYSTEMPATH\BaseModel.php(782): CodeIgniter\Model->doInsert([...])
 4 SYSTEMPATH\Model.php(729): CodeIgniter\BaseModel->insert([...], true)
 5 APPPATH\Controllers\Main.php(90): CodeIgniter\Model->insert([...])
 6 SYSTEMPATH\CodeIgniter.php(934): App\Controllers\Main->create()
 7 SYSTEMPATH\CodeIgniter.php(499): CodeIgniter\CodeIgniter->runController(Object(App\Controllers\Main))
 8 SYSTEMPATH\CodeIgniter.php(368): CodeIgniter\CodeIgniter->handleRequest(null, Object(Config\Cache), false)
 9 FCPATH\index.php(67): CodeIgniter\CodeIgniter->run()
ERROR - 2023-02-13 06:30:35 --> [Microsoft][ODBC Driver 17 for SQL Server][SQL Server]Cannot insert the value NULL into column 'InventoryAPKId', table 'KE_DB_IMS_UAT.dbo.InventoryAPP'; column does not allow nulls. INSERT fails.
CRITICAL - 2023-02-13 06:30:35 --> [Microsoft][ODBC Driver 17 for SQL Server][SQL Server]Cannot insert the value NULL into column 'InventoryAPKId', table 'KE_DB_IMS_UAT.dbo.InventoryAPP'; column does not allow nulls. INSERT fails.
in SYSTEMPATH\Database\BaseConnection.php on line 645.
 1 SYSTEMPATH\Database\BaseBuilder.php(2295): CodeIgniter\Database\BaseConnection->query('INSERT INTO "KE_DB_IMS_UAT"."dbo"."InventoryAPP" ("InventoryAPKId","requestOrderNumber","requestOrderId","latitude","longitude","status") VALUES (:InventoryAPKId:, :requestOrderNumber:, :requestOrderId:, :latitude:, :longitude:, :status:)', [...], false)
 2 SYSTEMPATH\Model.php(329): CodeIgniter\Database\BaseBuilder->insert()
 3 SYSTEMPATH\BaseModel.php(782): CodeIgniter\Model->doInsert([...])
 4 SYSTEMPATH\Model.php(729): CodeIgniter\BaseModel->insert([...], true)
 5 APPPATH\Controllers\Main.php(90): CodeIgniter\Model->insert([...])
 6 SYSTEMPATH\CodeIgniter.php(934): App\Controllers\Main->create()
 7 SYSTEMPATH\CodeIgniter.php(499): CodeIgniter\CodeIgniter->runController(Object(App\Controllers\Main))
 8 SYSTEMPATH\CodeIgniter.php(368): CodeIgniter\CodeIgniter->handleRequest(null, Object(Config\Cache), false)
 9 FCPATH\index.php(67): CodeIgniter\CodeIgniter->run()
ERROR - 2023-02-13 06:30:43 --> [Microsoft][ODBC Driver 17 for SQL Server][SQL Server]Cannot insert the value NULL into column 'InventoryAPKId', table 'KE_DB_IMS_UAT.dbo.InventoryAPP'; column does not allow nulls. INSERT fails.
CRITICAL - 2023-02-13 06:30:43 --> [Microsoft][ODBC Driver 17 for SQL Server][SQL Server]Cannot insert the value NULL into column 'InventoryAPKId', table 'KE_DB_IMS_UAT.dbo.InventoryAPP'; column does not allow nulls. INSERT fails.
in SYSTEMPATH\Database\BaseConnection.php on line 645.
 1 SYSTEMPATH\Database\BaseBuilder.php(2295): CodeIgniter\Database\BaseConnection->query('INSERT INTO "KE_DB_IMS_UAT"."dbo"."InventoryAPP" ("InventoryAPKId","requestOrderNumber","requestOrderId","latitude","longitude","status") VALUES (:InventoryAPKId:, :requestOrderNumber:, :requestOrderId:, :latitude:, :longitude:, :status:)', [...], false)
 2 SYSTEMPATH\Model.php(329): CodeIgniter\Database\BaseBuilder->insert()
 3 SYSTEMPATH\BaseModel.php(782): CodeIgniter\Model->doInsert([...])
 4 SYSTEMPATH\Model.php(729): CodeIgniter\BaseModel->insert([...], true)
 5 APPPATH\Controllers\Main.php(90): CodeIgniter\Model->insert([...])
 6 SYSTEMPATH\CodeIgniter.php(934): App\Controllers\Main->create()
 7 SYSTEMPATH\CodeIgniter.php(499): CodeIgniter\CodeIgniter->runController(Object(App\Controllers\Main))
 8 SYSTEMPATH\CodeIgniter.php(368): CodeIgniter\CodeIgniter->handleRequest(null, Object(Config\Cache), false)
 9 FCPATH\index.php(67): CodeIgniter\CodeIgniter->run()
ERROR - 2023-02-13 06:31:35 --> [Microsoft][ODBC Driver 17 for SQL Server][SQL Server]Cannot insert the value NULL into column 'InventoryAPKId', table 'KE_DB_IMS_UAT.dbo.InventoryAPP'; column does not allow nulls. INSERT fails.
CRITICAL - 2023-02-13 06:31:35 --> [Microsoft][ODBC Driver 17 for SQL Server][SQL Server]Cannot insert the value NULL into column 'InventoryAPKId', table 'KE_DB_IMS_UAT.dbo.InventoryAPP'; column does not allow nulls. INSERT fails.
in SYSTEMPATH\Database\BaseConnection.php on line 645.
 1 SYSTEMPATH\Database\BaseBuilder.php(2295): CodeIgniter\Database\BaseConnection->query('INSERT INTO "KE_DB_IMS_UAT"."dbo"."InventoryAPP" ("InventoryAPKId","requestOrderNumber","requestOrderId","latitude","longitude","status") VALUES (:InventoryAPKId:, :requestOrderNumber:, :requestOrderId:, :latitude:, :longitude:, :status:)', [...], false)
 2 SYSTEMPATH\Model.php(329): CodeIgniter\Database\BaseBuilder->insert()
 3 SYSTEMPATH\BaseModel.php(782): CodeIgniter\Model->doInsert([...])
 4 SYSTEMPATH\Model.php(729): CodeIgniter\BaseModel->insert([...], true)
 5 APPPATH\Controllers\Main.php(90): CodeIgniter\Model->insert([...])
 6 SYSTEMPATH\CodeIgniter.php(934): App\Controllers\Main->create()
 7 SYSTEMPATH\CodeIgniter.php(499): CodeIgniter\CodeIgniter->runController(Object(App\Controllers\Main))
 8 SYSTEMPATH\CodeIgniter.php(368): CodeIgniter\CodeIgniter->handleRequest(null, Object(Config\Cache), false)
 9 FCPATH\index.php(67): CodeIgniter\CodeIgniter->run()
ERROR - 2023-02-13 06:33:28 --> [Microsoft][ODBC Driver 17 for SQL Server][SQL Server]Cannot insert the value NULL into column 'Id', table 'KE_DB_IMS_UAT.dbo.InventoryAPP'; column does not allow nulls. INSERT fails.
CRITICAL - 2023-02-13 06:33:28 --> [Microsoft][ODBC Driver 17 for SQL Server][SQL Server]Cannot insert the value NULL into column 'Id', table 'KE_DB_IMS_UAT.dbo.InventoryAPP'; column does not allow nulls. INSERT fails.
in SYSTEMPATH\Database\BaseConnection.php on line 645.
 1 SYSTEMPATH\Database\BaseBuilder.php(2295): CodeIgniter\Database\BaseConnection->query('INSERT INTO "KE_DB_IMS_UAT"."dbo"."InventoryAPP" ("InventoryAPKId","requestOrderNumber","requestOrderId","latitude","longitude","status") VALUES (:InventoryAPKId:, :requestOrderNumber:, :requestOrderId:, :latitude:, :longitude:, :status:)', [...], false)
 2 SYSTEMPATH\Model.php(329): CodeIgniter\Database\BaseBuilder->insert()
 3 SYSTEMPATH\BaseModel.php(782): CodeIgniter\Model->doInsert([...])
 4 SYSTEMPATH\Model.php(729): CodeIgniter\BaseModel->insert([...], true)
 5 APPPATH\Controllers\Main.php(90): CodeIgniter\Model->insert([...])
 6 SYSTEMPATH\CodeIgniter.php(934): App\Controllers\Main->create()
 7 SYSTEMPATH\CodeIgniter.php(499): CodeIgniter\CodeIgniter->runController(Object(App\Controllers\Main))
 8 SYSTEMPATH\CodeIgniter.php(368): CodeIgniter\CodeIgniter->handleRequest(null, Object(Config\Cache), false)
 9 FCPATH\index.php(67): CodeIgniter\CodeIgniter->run()
ERROR - 2023-02-13 06:34:02 --> [Microsoft][ODBC Driver 17 for SQL Server][SQL Server]Cannot insert the value NULL into column 'Id', table 'KE_DB_IMS_UAT.dbo.InventoryAPP'; column does not allow nulls. INSERT fails.
CRITICAL - 2023-02-13 06:34:02 --> [Microsoft][ODBC Driver 17 for SQL Server][SQL Server]Cannot insert the value NULL into column 'Id', table 'KE_DB_IMS_UAT.dbo.InventoryAPP'; column does not allow nulls. INSERT fails.
in SYSTEMPATH\Database\BaseConnection.php on line 645.
 1 SYSTEMPATH\Database\BaseBuilder.php(2295): CodeIgniter\Database\BaseConnection->query('INSERT INTO "KE_DB_IMS_UAT"."dbo"."InventoryAPP" ("InventoryAPKId","requestOrderNumber","requestOrderId","latitude","longitude","status") VALUES (:InventoryAPKId:, :requestOrderNumber:, :requestOrderId:, :latitude:, :longitude:, :status:)', [...], false)
 2 SYSTEMPATH\Model.php(329): CodeIgniter\Database\BaseBuilder->insert()
 3 SYSTEMPATH\BaseModel.php(782): CodeIgniter\Model->doInsert([...])
 4 SYSTEMPATH\Model.php(729): CodeIgniter\BaseModel->insert([...], true)
 5 APPPATH\Controllers\Main.php(90): CodeIgniter\Model->insert([...])
 6 SYSTEMPATH\CodeIgniter.php(934): App\Controllers\Main->create()
 7 SYSTEMPATH\CodeIgniter.php(499): CodeIgniter\CodeIgniter->runController(Object(App\Controllers\Main))
 8 SYSTEMPATH\CodeIgniter.php(368): CodeIgniter\CodeIgniter->handleRequest(null, Object(Config\Cache), false)
 9 FCPATH\index.php(67): CodeIgniter\CodeIgniter->run()
ERROR - 2023-02-13 06:34:04 --> [Microsoft][ODBC Driver 17 for SQL Server][SQL Server]Cannot insert the value NULL into column 'Id', table 'KE_DB_IMS_UAT.dbo.InventoryAPP'; column does not allow nulls. INSERT fails.
CRITICAL - 2023-02-13 06:34:04 --> [Microsoft][ODBC Driver 17 for SQL Server][SQL Server]Cannot insert the value NULL into column 'Id', table 'KE_DB_IMS_UAT.dbo.InventoryAPP'; column does not allow nulls. INSERT fails.
in SYSTEMPATH\Database\BaseConnection.php on line 645.
 1 SYSTEMPATH\Database\BaseBuilder.php(2295): CodeIgniter\Database\BaseConnection->query('INSERT INTO "KE_DB_IMS_UAT"."dbo"."InventoryAPP" ("InventoryAPKId","requestOrderNumber","requestOrderId","latitude","longitude","status") VALUES (:InventoryAPKId:, :requestOrderNumber:, :requestOrderId:, :latitude:, :longitude:, :status:)', [...], false)
 2 SYSTEMPATH\Model.php(329): CodeIgniter\Database\BaseBuilder->insert()
 3 SYSTEMPATH\BaseModel.php(782): CodeIgniter\Model->doInsert([...])
 4 SYSTEMPATH\Model.php(729): CodeIgniter\BaseModel->insert([...], true)
 5 APPPATH\Controllers\Main.php(90): CodeIgniter\Model->insert([...])
 6 SYSTEMPATH\CodeIgniter.php(934): App\Controllers\Main->create()
 7 SYSTEMPATH\CodeIgniter.php(499): CodeIgniter\CodeIgniter->runController(Object(App\Controllers\Main))
 8 SYSTEMPATH\CodeIgniter.php(368): CodeIgniter\CodeIgniter->handleRequest(null, Object(Config\Cache), false)
 9 FCPATH\index.php(67): CodeIgniter\CodeIgniter->run()
ERROR - 2023-02-13 06:34:05 --> [Microsoft][ODBC Driver 17 for SQL Server][SQL Server]Cannot insert the value NULL into column 'Id', table 'KE_DB_IMS_UAT.dbo.InventoryAPP'; column does not allow nulls. INSERT fails.
CRITICAL - 2023-02-13 06:34:05 --> [Microsoft][ODBC Driver 17 for SQL Server][SQL Server]Cannot insert the value NULL into column 'Id', table 'KE_DB_IMS_UAT.dbo.InventoryAPP'; column does not allow nulls. INSERT fails.
in SYSTEMPATH\Database\BaseConnection.php on line 645.
 1 SYSTEMPATH\Database\BaseBuilder.php(2295): CodeIgniter\Database\BaseConnection->query('INSERT INTO "KE_DB_IMS_UAT"."dbo"."InventoryAPP" ("InventoryAPKId","requestOrderNumber","requestOrderId","latitude","longitude","status") VALUES (:InventoryAPKId:, :requestOrderNumber:, :requestOrderId:, :latitude:, :longitude:, :status:)', [...], false)
 2 SYSTEMPATH\Model.php(329): CodeIgniter\Database\BaseBuilder->insert()
 3 SYSTEMPATH\BaseModel.php(782): CodeIgniter\Model->doInsert([...])
 4 SYSTEMPATH\Model.php(729): CodeIgniter\BaseModel->insert([...], true)
 5 APPPATH\Controllers\Main.php(90): CodeIgniter\Model->insert([...])
 6 SYSTEMPATH\CodeIgniter.php(934): App\Controllers\Main->create()
 7 SYSTEMPATH\CodeIgniter.php(499): CodeIgniter\CodeIgniter->runController(Object(App\Controllers\Main))
 8 SYSTEMPATH\CodeIgniter.php(368): CodeIgniter\CodeIgniter->handleRequest(null, Object(Config\Cache), false)
 9 FCPATH\index.php(67): CodeIgniter\CodeIgniter->run()
ERROR - 2023-02-13 06:34:06 --> [Microsoft][ODBC Driver 17 for SQL Server][SQL Server]Cannot insert the value NULL into column 'Id', table 'KE_DB_IMS_UAT.dbo.InventoryAPP'; column does not allow nulls. INSERT fails.
CRITICAL - 2023-02-13 06:34:06 --> [Microsoft][ODBC Driver 17 for SQL Server][SQL Server]Cannot insert the value NULL into column 'Id', table 'KE_DB_IMS_UAT.dbo.InventoryAPP'; column does not allow nulls. INSERT fails.
in SYSTEMPATH\Database\BaseConnection.php on line 645.
 1 SYSTEMPATH\Database\BaseBuilder.php(2295): CodeIgniter\Database\BaseConnection->query('INSERT INTO "KE_DB_IMS_UAT"."dbo"."InventoryAPP" ("InventoryAPKId","requestOrderNumber","requestOrderId","latitude","longitude","status") VALUES (:InventoryAPKId:, :requestOrderNumber:, :requestOrderId:, :latitude:, :longitude:, :status:)', [...], false)
 2 SYSTEMPATH\Model.php(329): CodeIgniter\Database\BaseBuilder->insert()
 3 SYSTEMPATH\BaseModel.php(782): CodeIgniter\Model->doInsert([...])
 4 SYSTEMPATH\Model.php(729): CodeIgniter\BaseModel->insert([...], true)
 5 APPPATH\Controllers\Main.php(90): CodeIgniter\Model->insert([...])
 6 SYSTEMPATH\CodeIgniter.php(934): App\Controllers\Main->create()
 7 SYSTEMPATH\CodeIgniter.php(499): CodeIgniter\CodeIgniter->runController(Object(App\Controllers\Main))
 8 SYSTEMPATH\CodeIgniter.php(368): CodeIgniter\CodeIgniter->handleRequest(null, Object(Config\Cache), false)
 9 FCPATH\index.php(67): CodeIgniter\CodeIgniter->run()
ERROR - 2023-02-13 06:34:07 --> [Microsoft][ODBC Driver 17 for SQL Server][SQL Server]Cannot insert the value NULL into column 'Id', table 'KE_DB_IMS_UAT.dbo.InventoryAPP'; column does not allow nulls. INSERT fails.
CRITICAL - 2023-02-13 06:34:07 --> [Microsoft][ODBC Driver 17 for SQL Server][SQL Server]Cannot insert the value NULL into column 'Id', table 'KE_DB_IMS_UAT.dbo.InventoryAPP'; column does not allow nulls. INSERT fails.
in SYSTEMPATH\Database\BaseConnection.php on line 645.
 1 SYSTEMPATH\Database\BaseBuilder.php(2295): CodeIgniter\Database\BaseConnection->query('INSERT INTO "KE_DB_IMS_UAT"."dbo"."InventoryAPP" ("InventoryAPKId","requestOrderNumber","requestOrderId","latitude","longitude","status") VALUES (:InventoryAPKId:, :requestOrderNumber:, :requestOrderId:, :latitude:, :longitude:, :status:)', [...], false)
 2 SYSTEMPATH\Model.php(329): CodeIgniter\Database\BaseBuilder->insert()
 3 SYSTEMPATH\BaseModel.php(782): CodeIgniter\Model->doInsert([...])
 4 SYSTEMPATH\Model.php(729): CodeIgniter\BaseModel->insert([...], true)
 5 APPPATH\Controllers\Main.php(90): CodeIgniter\Model->insert([...])
 6 SYSTEMPATH\CodeIgniter.php(934): App\Controllers\Main->create()
 7 SYSTEMPATH\CodeIgniter.php(499): CodeIgniter\CodeIgniter->runController(Object(App\Controllers\Main))
 8 SYSTEMPATH\CodeIgniter.php(368): CodeIgniter\CodeIgniter->handleRequest(null, Object(Config\Cache), false)
 9 FCPATH\index.php(67): CodeIgniter\CodeIgniter->run()
ERROR - 2023-02-13 06:34:07 --> [Microsoft][ODBC Driver 17 for SQL Server][SQL Server]Cannot insert the value NULL into column 'Id', table 'KE_DB_IMS_UAT.dbo.InventoryAPP'; column does not allow nulls. INSERT fails.
CRITICAL - 2023-02-13 06:34:07 --> [Microsoft][ODBC Driver 17 for SQL Server][SQL Server]Cannot insert the value NULL into column 'Id', table 'KE_DB_IMS_UAT.dbo.InventoryAPP'; column does not allow nulls. INSERT fails.
in SYSTEMPATH\Database\BaseConnection.php on line 645.
 1 SYSTEMPATH\Database\BaseBuilder.php(2295): CodeIgniter\Database\BaseConnection->query('INSERT INTO "KE_DB_IMS_UAT"."dbo"."InventoryAPP" ("InventoryAPKId","requestOrderNumber","requestOrderId","latitude","longitude","status") VALUES (:InventoryAPKId:, :requestOrderNumber:, :requestOrderId:, :latitude:, :longitude:, :status:)', [...], false)
 2 SYSTEMPATH\Model.php(329): CodeIgniter\Database\BaseBuilder->insert()
 3 SYSTEMPATH\BaseModel.php(782): CodeIgniter\Model->doInsert([...])
 4 SYSTEMPATH\Model.php(729): CodeIgniter\BaseModel->insert([...], true)
 5 APPPATH\Controllers\Main.php(90): CodeIgniter\Model->insert([...])
 6 SYSTEMPATH\CodeIgniter.php(934): App\Controllers\Main->create()
 7 SYSTEMPATH\CodeIgniter.php(499): CodeIgniter\CodeIgniter->runController(Object(App\Controllers\Main))
 8 SYSTEMPATH\CodeIgniter.php(368): CodeIgniter\CodeIgniter->handleRequest(null, Object(Config\Cache), false)
 9 FCPATH\index.php(67): CodeIgniter\CodeIgniter->run()
ERROR - 2023-02-13 06:34:10 --> [Microsoft][ODBC Driver 17 for SQL Server][SQL Server]Cannot insert the value NULL into column 'Id', table 'KE_DB_IMS_UAT.dbo.InventoryAPP'; column does not allow nulls. INSERT fails.
CRITICAL - 2023-02-13 06:34:10 --> [Microsoft][ODBC Driver 17 for SQL Server][SQL Server]Cannot insert the value NULL into column 'Id', table 'KE_DB_IMS_UAT.dbo.InventoryAPP'; column does not allow nulls. INSERT fails.
in SYSTEMPATH\Database\BaseConnection.php on line 645.
 1 SYSTEMPATH\Database\BaseBuilder.php(2295): CodeIgniter\Database\BaseConnection->query('INSERT INTO "KE_DB_IMS_UAT"."dbo"."InventoryAPP" ("InventoryAPKId","requestOrderNumber","requestOrderId","latitude","longitude","status") VALUES (:InventoryAPKId:, :requestOrderNumber:, :requestOrderId:, :latitude:, :longitude:, :status:)', [...], false)
 2 SYSTEMPATH\Model.php(329): CodeIgniter\Database\BaseBuilder->insert()
 3 SYSTEMPATH\BaseModel.php(782): CodeIgniter\Model->doInsert([...])
 4 SYSTEMPATH\Model.php(729): CodeIgniter\BaseModel->insert([...], true)
 5 APPPATH\Controllers\Main.php(90): CodeIgniter\Model->insert([...])
 6 SYSTEMPATH\CodeIgniter.php(934): App\Controllers\Main->create()
 7 SYSTEMPATH\CodeIgniter.php(499): CodeIgniter\CodeIgniter->runController(Object(App\Controllers\Main))
 8 SYSTEMPATH\CodeIgniter.php(368): CodeIgniter\CodeIgniter->handleRequest(null, Object(Config\Cache), false)
 9 FCPATH\index.php(67): CodeIgniter\CodeIgniter->run()
ERROR - 2023-02-13 06:34:11 --> [Microsoft][ODBC Driver 17 for SQL Server][SQL Server]Cannot insert the value NULL into column 'Id', table 'KE_DB_IMS_UAT.dbo.InventoryAPP'; column does not allow nulls. INSERT fails.
CRITICAL - 2023-02-13 06:34:11 --> [Microsoft][ODBC Driver 17 for SQL Server][SQL Server]Cannot insert the value NULL into column 'Id', table 'KE_DB_IMS_UAT.dbo.InventoryAPP'; column does not allow nulls. INSERT fails.
in SYSTEMPATH\Database\BaseConnection.php on line 645.
 1 SYSTEMPATH\Database\BaseBuilder.php(2295): CodeIgniter\Database\BaseConnection->query('INSERT INTO "KE_DB_IMS_UAT"."dbo"."InventoryAPP" ("InventoryAPKId","requestOrderNumber","requestOrderId","latitude","longitude","status") VALUES (:InventoryAPKId:, :requestOrderNumber:, :requestOrderId:, :latitude:, :longitude:, :status:)', [...], false)
 2 SYSTEMPATH\Model.php(329): CodeIgniter\Database\BaseBuilder->insert()
 3 SYSTEMPATH\BaseModel.php(782): CodeIgniter\Model->doInsert([...])
 4 SYSTEMPATH\Model.php(729): CodeIgniter\BaseModel->insert([...], true)
 5 APPPATH\Controllers\Main.php(90): CodeIgniter\Model->insert([...])
 6 SYSTEMPATH\CodeIgniter.php(934): App\Controllers\Main->create()
 7 SYSTEMPATH\CodeIgniter.php(499): CodeIgniter\CodeIgniter->runController(Object(App\Controllers\Main))
 8 SYSTEMPATH\CodeIgniter.php(368): CodeIgniter\CodeIgniter->handleRequest(null, Object(Config\Cache), false)
 9 FCPATH\index.php(67): CodeIgniter\CodeIgniter->run()
ERROR - 2023-02-13 07:00:24 --> [Microsoft][ODBC Driver 17 for SQL Server][SQL Server]The INSERT statement conflicted with the FOREIGN KEY constraint "FK_InventoryAndroid_RequestOrder". The conflict occurred in database "KE_DB_IMS_UAT", table "dbo.RequestOrder", column 'requestOrderId'.
CRITICAL - 2023-02-13 07:00:24 --> [Microsoft][ODBC Driver 17 for SQL Server][SQL Server]The INSERT statement conflicted with the FOREIGN KEY constraint "FK_InventoryAndroid_RequestOrder". The conflict occurred in database "KE_DB_IMS_UAT", table "dbo.RequestOrder", column 'requestOrderId'.
in SYSTEMPATH\Database\BaseConnection.php on line 645.
 1 SYSTEMPATH\Database\BaseBuilder.php(2295): CodeIgniter\Database\BaseConnection->query('INSERT INTO "KE_DB_IMS_UAT"."dbo"."InventoryAndroid" ("InventoryAPKId","requestOrderNumber","requestOrderId","latitude","longitude","status") VALUES (:InventoryAPKId:, :requestOrderNumber:, :requestOrderId:, :latitude:, :longitude:, :status:)', [...], false)
 2 SYSTEMPATH\Model.php(329): CodeIgniter\Database\BaseBuilder->insert()
 3 SYSTEMPATH\BaseModel.php(782): CodeIgniter\Model->doInsert([...])
 4 SYSTEMPATH\Model.php(729): CodeIgniter\BaseModel->insert([...], true)
 5 APPPATH\Controllers\Main.php(90): CodeIgniter\Model->insert([...])
 6 SYSTEMPATH\CodeIgniter.php(934): App\Controllers\Main->create()
 7 SYSTEMPATH\CodeIgniter.php(499): CodeIgniter\CodeIgniter->runController(Object(App\Controllers\Main))
 8 SYSTEMPATH\CodeIgniter.php(368): CodeIgniter\CodeIgniter->handleRequest(null, Object(Config\Cache), false)
 9 FCPATH\index.php(67): CodeIgniter\CodeIgniter->run()
CRITICAL - 2023-02-13 07:47:56 --> syntax error, unexpected 'public' (T_PUBLIC)
in APPPATH\Controllers\Main.php on line 80.
 1 SYSTEMPATH\Autoloader\Autoloader.php(289): CodeIgniter\Autoloader\Autoloader->includeFile('APPPATH\\Controllers\\Main.php')
 2 SYSTEMPATH\Autoloader\Autoloader.php(267): CodeIgniter\Autoloader\Autoloader->loadInNamespace('App\\Controllers\\Main')
 3 [internal function]: CodeIgniter\Autoloader\Autoloader->loadClass('App\\Controllers\\Main')
 4 [internal function]: spl_autoload_call('App\\Controllers\\Main')
 5 SYSTEMPATH\CodeIgniter.php(892): class_exists('\\App\\Controllers\\Main', true)
 6 SYSTEMPATH\CodeIgniter.php(486): CodeIgniter\CodeIgniter->startController()
 7 SYSTEMPATH\CodeIgniter.php(368): CodeIgniter\CodeIgniter->handleRequest(null, Object(Config\Cache), false)
 8 FCPATH\index.php(67): CodeIgniter\CodeIgniter->run()
CRITICAL - 2023-02-13 10:43:21 --> Argument 2 passed to CodeIgniter\Database\BaseBuilder::select() must be of the type bool or null, array given, called in C:\xampp\htdocs\ci4\system\Model.php on line 839
in SYSTEMPATH\Database\BaseBuilder.php on line 394.
 1 SYSTEMPATH\Model.php(839): CodeIgniter\Database\BaseBuilder->select('requestOrderId', [...])
 2 APPPATH\Controllers\Main.php(117): CodeIgniter\Model->__call('select', [...])
 3 SYSTEMPATH\CodeIgniter.php(934): App\Controllers\Main->create()
 4 SYSTEMPATH\CodeIgniter.php(499): CodeIgniter\CodeIgniter->runController(Object(App\Controllers\Main))
 5 SYSTEMPATH\CodeIgniter.php(368): CodeIgniter\CodeIgniter->handleRequest(null, Object(Config\Cache), false)
 6 FCPATH\index.php(67): CodeIgniter\CodeIgniter->run()
CRITICAL - 2023-02-13 10:50:26 --> Argument 1 passed to CodeIgniter\Database\BaseBuilder::selectSubquery() must be an instance of CodeIgniter\Database\BaseBuilder, instance of App\Models\RequestOrderModel given, called in C:\xampp\htdocs\ci4\system\Model.php on line 839
in SYSTEMPATH\Database\BaseBuilder.php on line 488.
 1 SYSTEMPATH\Model.php(839): CodeIgniter\Database\BaseBuilder->selectSubquery(Object(App\Models\RequestOrderModel), 'requestOrderId')
 2 APPPATH\Controllers\Main.php(118): CodeIgniter\Model->__call('selectSubquery', [...])
 3 SYSTEMPATH\CodeIgniter.php(934): App\Controllers\Main->create()
 4 SYSTEMPATH\CodeIgniter.php(499): CodeIgniter\CodeIgniter->runController(Object(App\Controllers\Main))
 5 SYSTEMPATH\CodeIgniter.php(368): CodeIgniter\CodeIgniter->handleRequest(null, Object(Config\Cache), false)
 6 FCPATH\index.php(67): CodeIgniter\CodeIgniter->run()
ERROR - 2023-02-13 10:52:36 --> [Microsoft][ODBC Driver 17 for SQL Server][SQL Server]Invalid object name 'KE_DB_IMS_UAT.dbo.requestOrderId'.
CRITICAL - 2023-02-13 10:52:36 --> [Microsoft][ODBC Driver 17 for SQL Server][SQL Server]Invalid object name 'KE_DB_IMS_UAT.dbo.requestOrderId'.
in SYSTEMPATH\Database\BaseConnection.php on line 645.
 1 SYSTEMPATH\Database\SQLSRV\Builder.php(610): CodeIgniter\Database\BaseConnection->query('SELECT (SELECT * FROM "KE_DB_IMS_UAT"."dbo"."requestOrderNumber" WHERE "requestOrderNumber" = (NULL)) "requestOrderId"
FROM "KE_DB_IMS_UAT"."dbo"."requestOrderId"', [], false)
 2 APPPATH\Controllers\Main.php(120): CodeIgniter\Database\SQLSRV\Builder->get()
 3 SYSTEMPATH\CodeIgniter.php(934): App\Controllers\Main->create()
 4 SYSTEMPATH\CodeIgniter.php(499): CodeIgniter\CodeIgniter->runController(Object(App\Controllers\Main))
 5 SYSTEMPATH\CodeIgniter.php(368): CodeIgniter\CodeIgniter->handleRequest(null, Object(Config\Cache), false)
 6 FCPATH\index.php(67): CodeIgniter\CodeIgniter->run()
ERROR - 2023-02-13 10:53:56 --> [Microsoft][ODBC Driver 17 for SQL Server][SQL Server]Only one expression can be specified in the select list when the subquery is not introduced with EXISTS.
CRITICAL - 2023-02-13 10:53:56 --> [Microsoft][ODBC Driver 17 for SQL Server][SQL Server]Only one expression can be specified in the select list when the subquery is not introduced with EXISTS.
in SYSTEMPATH\Database\BaseConnection.php on line 645.
 1 SYSTEMPATH\Database\SQLSRV\Builder.php(610): CodeIgniter\Database\BaseConnection->query('SELECT "barcode", (SELECT * FROM "KE_DB_IMS_UAT"."dbo"."requestOrder" WHERE "requestOrderNumber" = (NULL)) "requestOrderId"
FROM "KE_DB_IMS_UAT"."dbo"."requestOrderLine"', [], false)
 2 APPPATH\Controllers\Main.php(120): CodeIgniter\Database\SQLSRV\Builder->get()
 3 SYSTEMPATH\CodeIgniter.php(934): App\Controllers\Main->create()
 4 SYSTEMPATH\CodeIgniter.php(499): CodeIgniter\CodeIgniter->runController(Object(App\Controllers\Main))
 5 SYSTEMPATH\CodeIgniter.php(368): CodeIgniter\CodeIgniter->handleRequest(null, Object(Config\Cache), false)
 6 FCPATH\index.php(67): CodeIgniter\CodeIgniter->run()
ERROR - 2023-02-13 10:55:28 --> [Microsoft][ODBC Driver 17 for SQL Server][SQL Server]Only one expression can be specified in the select list when the subquery is not introduced with EXISTS.
CRITICAL - 2023-02-13 10:55:28 --> [Microsoft][ODBC Driver 17 for SQL Server][SQL Server]Only one expression can be specified in the select list when the subquery is not introduced with EXISTS.
in SYSTEMPATH\Database\BaseConnection.php on line 645.
 1 SYSTEMPATH\Database\SQLSRV\Builder.php(610): CodeIgniter\Database\BaseConnection->query('SELECT "barcode"
FROM "KE_DB_IMS_UAT"."dbo"."requestOrderLine"
WHERE requestOrderId =(SELECT * FROM "KE_DB_IMS_UAT"."dbo"."requestOrder" WHERE "requestOrderNumber" = (NULL))', [], false)
 2 APPPATH\Controllers\Main.php(120): CodeIgniter\Database\SQLSRV\Builder->get()
 3 SYSTEMPATH\CodeIgniter.php(934): App\Controllers\Main->create()
 4 SYSTEMPATH\CodeIgniter.php(499): CodeIgniter\CodeIgniter->runController(Object(App\Controllers\Main))
 5 SYSTEMPATH\CodeIgniter.php(368): CodeIgniter\CodeIgniter->handleRequest(null, Object(Config\Cache), false)
 6 FCPATH\index.php(67): CodeIgniter\CodeIgniter->run()
ERROR - 2023-02-13 10:55:30 --> [Microsoft][ODBC Driver 17 for SQL Server][SQL Server]Only one expression can be specified in the select list when the subquery is not introduced with EXISTS.
CRITICAL - 2023-02-13 10:55:30 --> [Microsoft][ODBC Driver 17 for SQL Server][SQL Server]Only one expression can be specified in the select list when the subquery is not introduced with EXISTS.
in SYSTEMPATH\Database\BaseConnection.php on line 645.
 1 SYSTEMPATH\Database\SQLSRV\Builder.php(610): CodeIgniter\Database\BaseConnection->query('SELECT "barcode"
FROM "KE_DB_IMS_UAT"."dbo"."requestOrderLine"
WHERE requestOrderId =(SELECT * FROM "KE_DB_IMS_UAT"."dbo"."requestOrder" WHERE "requestOrderNumber" = (NULL))', [], false)
 2 APPPATH\Controllers\Main.php(120): CodeIgniter\Database\SQLSRV\Builder->get()
 3 SYSTEMPATH\CodeIgniter.php(934): App\Controllers\Main->create()
 4 SYSTEMPATH\CodeIgniter.php(499): CodeIgniter\CodeIgniter->runController(Object(App\Controllers\Main))
 5 SYSTEMPATH\CodeIgniter.php(368): CodeIgniter\CodeIgniter->handleRequest(null, Object(Config\Cache), false)
 6 FCPATH\index.php(67): CodeIgniter\CodeIgniter->run()
ERROR - 2023-02-13 10:55:32 --> [Microsoft][ODBC Driver 17 for SQL Server][SQL Server]Only one expression can be specified in the select list when the subquery is not introduced with EXISTS.
CRITICAL - 2023-02-13 10:55:32 --> [Microsoft][ODBC Driver 17 for SQL Server][SQL Server]Only one expression can be specified in the select list when the subquery is not introduced with EXISTS.
in SYSTEMPATH\Database\BaseConnection.php on line 645.
 1 SYSTEMPATH\Database\SQLSRV\Builder.php(610): CodeIgniter\Database\BaseConnection->query('SELECT "barcode"
FROM "KE_DB_IMS_UAT"."dbo"."requestOrderLine"
WHERE requestOrderId =(SELECT * FROM "KE_DB_IMS_UAT"."dbo"."requestOrder" WHERE "requestOrderNumber" = (NULL))', [], false)
 2 APPPATH\Controllers\Main.php(120): CodeIgniter\Database\SQLSRV\Builder->get()
 3 SYSTEMPATH\CodeIgniter.php(934): App\Controllers\Main->create()
 4 SYSTEMPATH\CodeIgniter.php(499): CodeIgniter\CodeIgniter->runController(Object(App\Controllers\Main))
 5 SYSTEMPATH\CodeIgniter.php(368): CodeIgniter\CodeIgniter->handleRequest(null, Object(Config\Cache), false)
 6 FCPATH\index.php(67): CodeIgniter\CodeIgniter->run()
CRITICAL - 2023-02-13 10:56:44 --> Failed to parse JSON string. Error: Type is not supported
in SYSTEMPATH\Format\JSONFormatter.php on line 41.
 1 SYSTEMPATH\Format\JSONFormatter.php(41): CodeIgniter\Format\Exceptions\FormatException::forInvalidJSON('Type is not supported')
 2 SYSTEMPATH\API\ResponseTrait.php(346): CodeIgniter\Format\JSONFormatter->format(Object(CodeIgniter\Database\SQLSRV\Result))
 3 SYSTEMPATH\API\ResponseTrait.php(99): CodeIgniter\RESTful\ResourceController->format(Object(CodeIgniter\Database\SQLSRV\Result))
 4 APPPATH\Controllers\Main.php(121): CodeIgniter\RESTful\ResourceController->respond(Object(CodeIgniter\Database\SQLSRV\Result), 200)
 5 SYSTEMPATH\CodeIgniter.php(934): App\Controllers\Main->create()
 6 SYSTEMPATH\CodeIgniter.php(499): CodeIgniter\CodeIgniter->runController(Object(App\Controllers\Main))
 7 SYSTEMPATH\CodeIgniter.php(368): CodeIgniter\CodeIgniter->handleRequest(null, Object(Config\Cache), false)
 8 FCPATH\index.php(67): CodeIgniter\CodeIgniter->run()
CRITICAL - 2023-02-13 10:56:44 --> Uncaught CodeIgniter\Format\Exceptions\FormatException: Failed to parse JSON string. Error: Type is not supported in C:\xampp\htdocs\ci4\system\Format\JSONFormatter.php:41
Stack trace:
#0 C:\xampp\htdocs\ci4\system\Format\JSONFormatter.php(41): CodeIgniter\Format\Exceptions\FormatException::forInvalidJSON('Type is not sup...')
#1 C:\xampp\htdocs\ci4\system\API\ResponseTrait.php(346): CodeIgniter\Format\JSONFormatter->format(Array)
#2 C:\xampp\htdocs\ci4\system\API\ResponseTrait.php(99): CodeIgniter\Debug\Exceptions->format(Array)
#3 C:\xampp\htdocs\ci4\system\Debug\Exceptions.php(141): CodeIgniter\Debug\Exceptions->respond(Array, 500)
#4 [internal function]: CodeIgniter\Debug\Exceptions->exceptionHandler(Object(CodeIgniter\Format\Exceptions\FormatException))
#5 {main}
  thrown
in SYSTEMPATH\Format\JSONFormatter.php on line 41.
 1 [internal function]: CodeIgniter\Debug\Exceptions->shutdownHandler()
CRITICAL - 2023-02-13 11:10:51 --> syntax error, unexpected 'public' (T_PUBLIC)
in APPPATH\Controllers\Main.php on line 86.
 1 SYSTEMPATH\Autoloader\Autoloader.php(289): CodeIgniter\Autoloader\Autoloader->includeFile('APPPATH\\Controllers\\Main.php')
 2 SYSTEMPATH\Autoloader\Autoloader.php(267): CodeIgniter\Autoloader\Autoloader->loadInNamespace('App\\Controllers\\Main')
 3 [internal function]: CodeIgniter\Autoloader\Autoloader->loadClass('App\\Controllers\\Main')
 4 [internal function]: spl_autoload_call('App\\Controllers\\Main')
 5 SYSTEMPATH\CodeIgniter.php(892): class_exists('\\App\\Controllers\\Main', true)
 6 SYSTEMPATH\CodeIgniter.php(486): CodeIgniter\CodeIgniter->startController()
 7 SYSTEMPATH\CodeIgniter.php(368): CodeIgniter\CodeIgniter->handleRequest(null, Object(Config\Cache), false)
 8 FCPATH\index.php(67): CodeIgniter\CodeIgniter->run()
